0 info it worked if it ends with ok
1 verbose cli [ 'C:\\Program Files (x86)\\nodejs\\\\node.exe',
1 verbose cli   'C:\\Program Files (x86)\\nodejs\\node_modules\\npm\\bin\\npm-cli.js',
1 verbose cli   'install' ]
2 info using npm@1.4.23
3 info using node@v0.10.31
4 verbose node symlink C:\Program Files (x86)\nodejs\\node.exe
5 verbose readDependencies using package.json deps
6 verbose install where, deps [ 'C:\\Users\\Lansing\\Documents\\GitHub\\FHS-LIB',
6 verbose install   [ 'express',
6 verbose install     'morgan',
6 verbose install     'body-parser',
6 verbose install     'method-override',
6 verbose install     'serve-favicon',
6 verbose install     'cookie-parser',
6 verbose install     'express-session',
6 verbose install     'errorhandler',
6 verbose install     'compression',
6 verbose install     'lodash',
6 verbose install     'ejs',
6 verbose install     'mongoose',
6 verbose install     'jsonwebtoken',
6 verbose install     'express-jwt',
6 verbose install     'passport',
6 verbose install     'passport-local',
6 verbose install     'composable-middleware',
6 verbose install     'connect-mongo',
6 verbose install     'socket.io',
6 verbose install     'socket.io-client',
6 verbose install     'socketio-jwt',
6 verbose install     'grunt',
6 verbose install     'grunt-autoprefixer',
6 verbose install     'grunt-wiredep',
6 verbose install     'grunt-concurrent',
6 verbose install     'grunt-contrib-clean',
6 verbose install     'grunt-contrib-concat',
6 verbose install     'grunt-contrib-copy',
6 verbose install     'grunt-contrib-cssmin',
6 verbose install     'grunt-contrib-htmlmin',
6 verbose install     'grunt-contrib-imagemin',
6 verbose install     'grunt-contrib-jshint',
6 verbose install     'grunt-contrib-uglify',
6 verbose install     'grunt-contrib-watch',
6 verbose install     'grunt-google-cdn',
6 verbose install     'grunt-newer',
6 verbose install     'grunt-ng-annotate',
6 verbose install     'grunt-rev',
6 verbose install     'grunt-svgmin',
6 verbose install     'grunt-usemin',
6 verbose install     'grunt-env',
6 verbose install     'grunt-node-inspector',
6 verbose install     'grunt-nodemon',
6 verbose install     'grunt-angular-templates',
6 verbose install     'grunt-dom-munger',
6 verbose install     'grunt-protractor-runner',
6 verbose install     'grunt-asset-injector',
6 verbose install     'grunt-karma',
6 verbose install     'grunt-build-control',
6 verbose install     'grunt-mocha-test',
6 verbose install     'jit-grunt',
6 verbose install     'time-grunt',
6 verbose install     'grunt-express-server',
6 verbose install     'grunt-open',
6 verbose install     'open',
6 verbose install     'jshint-stylish',
6 verbose install     'connect-livereload',
6 verbose install     'karma-ng-scenario',
6 verbose install     'karma-firefox-launcher',
6 verbose install     'karma-script-launcher',
6 verbose install     'karma-html2js-preprocessor',
6 verbose install     'karma-ng-jade2js-preprocessor',
6 verbose install     'karma-jasmine',
6 verbose install     'karma-chrome-launcher',
6 verbose install     'requirejs',
6 verbose install     'karma-requirejs',
6 verbose install     'karma-coffee-preprocessor',
6 verbose install     'karma-jade-preprocessor',
6 verbose install     'karma-phantomjs-launcher',
6 verbose install     'karma',
6 verbose install     'karma-ng-html2js-preprocessor',
6 verbose install     'supertest',
6 verbose install     'should' ] ]
7 info preinstall fhs-lib@0.0.0
8 warn package.json karma-chrome-launcher@0.1.5 No README data
9 verbose readDependencies using package.json deps
10 verbose cache add [ 'grunt-build-control@git+https://github.com/DaftMonk/grunt-build-control',
10 verbose cache add   null ]
11 verbose cache add name=undefined spec="grunt-build-control@git+https://github.com/DaftMonk/grunt-build-control" args=["grunt-build-control@git+https://github.com/DaftMonk/grunt-build-control",null]
12 verbose parsed url { protocol: null,
12 verbose parsed url   slashes: null,
12 verbose parsed url   auth: null,
12 verbose parsed url   host: null,
12 verbose parsed url   port: null,
12 verbose parsed url   hostname: null,
12 verbose parsed url   hash: null,
12 verbose parsed url   search: null,
12 verbose parsed url   query: null,
12 verbose parsed url   pathname: 'grunt-build-control@git+https://github.com/DaftMonk/grunt-build-control',
12 verbose parsed url   path: 'grunt-build-control@git+https://github.com/DaftMonk/grunt-build-control',
12 verbose parsed url   href: 'grunt-build-control@git+https://github.com/DaftMonk/grunt-build-control' }
13 verbose already installed skipping grunt-mocha-test@~0.10.2 C:\Users\Lansing\Documents\GitHub\FHS-LIB
14 verbose already installed skipping jit-grunt@^0.5.0 C:\Users\Lansing\Documents\GitHub\FHS-LIB
15 verbose already installed skipping time-grunt@~0.3.1 C:\Users\Lansing\Documents\GitHub\FHS-LIB
16 verbose already installed skipping grunt-express-server@~0.4.17 C:\Users\Lansing\Documents\GitHub\FHS-LIB
17 verbose already installed skipping grunt-open@~0.2.3 C:\Users\Lansing\Documents\GitHub\FHS-LIB
18 verbose already installed skipping open@~0.0.4 C:\Users\Lansing\Documents\GitHub\FHS-LIB
19 verbose already installed skipping jshint-stylish@~0.1.5 C:\Users\Lansing\Documents\GitHub\FHS-LIB
20 verbose already installed skipping connect-livereload@~0.4.0 C:\Users\Lansing\Documents\GitHub\FHS-LIB
21 verbose already installed skipping karma-ng-scenario@~0.1.0 C:\Users\Lansing\Documents\GitHub\FHS-LIB
22 verbose already installed skipping karma-firefox-launcher@~0.1.3 C:\Users\Lansing\Documents\GitHub\FHS-LIB
23 verbose already installed skipping karma-script-launcher@~0.1.0 C:\Users\Lansing\Documents\GitHub\FHS-LIB
24 verbose already installed skipping karma-html2js-preprocessor@~0.1.0 C:\Users\Lansing\Documents\GitHub\FHS-LIB
25 verbose already installed skipping karma-ng-jade2js-preprocessor@^0.1.2 C:\Users\Lansing\Documents\GitHub\FHS-LIB
26 verbose already installed skipping karma-jasmine@~0.1.5 C:\Users\Lansing\Documents\GitHub\FHS-LIB
27 verbose already installed skipping karma-chrome-launcher@~0.1.3 C:\Users\Lansing\Documents\GitHub\FHS-LIB
28 verbose cache add name="grunt-build-control" spec="git+https://github.com/DaftMonk/grunt-build-control" args=["grunt-build-control","git+https://github.com/DaftMonk/grunt-build-control"]
29 verbose parsed url { protocol: 'git+https:',
29 verbose parsed url   slashes: true,
29 verbose parsed url   auth: null,
29 verbose parsed url   host: 'github.com',
29 verbose parsed url   port: null,
29 verbose parsed url   hostname: 'github.com',
29 verbose parsed url   hash: null,
29 verbose parsed url   search: null,
29 verbose parsed url   query: null,
29 verbose parsed url   pathname: '/DaftMonk/grunt-build-control',
29 verbose parsed url   path: '/DaftMonk/grunt-build-control',
29 verbose parsed url   href: 'git+https://github.com/DaftMonk/grunt-build-control' }
30 silly lockFile 7e4d577b-com-DaftMonk-grunt-build-control https://github.com/DaftMonk/grunt-build-control
31 verbose lock https://github.com/DaftMonk/grunt-build-control C:\Users\Lansing\AppData\Roaming\npm-cache\7e4d577b-com-DaftMonk-grunt-build-control.lock
32 verbose addRemoteGit [ 'https://github.com/DaftMonk/grunt-build-control', 'master' ]
33 verbose already installed skipping requirejs@~2.1.11 C:\Users\Lansing\Documents\GitHub\FHS-LIB
34 verbose already installed skipping karma-requirejs@~0.2.1 C:\Users\Lansing\Documents\GitHub\FHS-LIB
35 verbose already installed skipping karma-coffee-preprocessor@~0.2.1 C:\Users\Lansing\Documents\GitHub\FHS-LIB
36 verbose already installed skipping karma-jade-preprocessor@0.0.11 C:\Users\Lansing\Documents\GitHub\FHS-LIB
37 verbose already installed skipping karma-phantomjs-launcher@~0.1.4 C:\Users\Lansing\Documents\GitHub\FHS-LIB
38 verbose already installed skipping karma@~0.12.9 C:\Users\Lansing\Documents\GitHub\FHS-LIB
39 verbose already installed skipping karma-ng-html2js-preprocessor@~0.1.0 C:\Users\Lansing\Documents\GitHub\FHS-LIB
40 verbose already installed skipping supertest@~0.11.0 C:\Users\Lansing\Documents\GitHub\FHS-LIB
41 verbose already installed skipping should@~3.3.1 C:\Users\Lansing\Documents\GitHub\FHS-LIB
42 verbose already installed skipping express@~4.0.0 C:\Users\Lansing\Documents\GitHub\FHS-LIB
43 verbose already installed skipping morgan@~1.0.0 C:\Users\Lansing\Documents\GitHub\FHS-LIB
44 verbose already installed skipping body-parser@~1.5.0 C:\Users\Lansing\Documents\GitHub\FHS-LIB
45 verbose already installed skipping method-override@~1.0.0 C:\Users\Lansing\Documents\GitHub\FHS-LIB
46 verbose already installed skipping serve-favicon@~2.0.1 C:\Users\Lansing\Documents\GitHub\FHS-LIB
47 verbose already installed skipping cookie-parser@~1.0.1 C:\Users\Lansing\Documents\GitHub\FHS-LIB
48 verbose already installed skipping express-session@~1.0.2 C:\Users\Lansing\Documents\GitHub\FHS-LIB
49 verbose already installed skipping errorhandler@~1.0.0 C:\Users\Lansing\Documents\GitHub\FHS-LIB
50 verbose already installed skipping compression@~1.0.1 C:\Users\Lansing\Documents\GitHub\FHS-LIB
51 verbose already installed skipping lodash@~2.4.1 C:\Users\Lansing\Documents\GitHub\FHS-LIB
52 verbose already installed skipping ejs@~0.8.4 C:\Users\Lansing\Documents\GitHub\FHS-LIB
53 verbose already installed skipping mongoose@~3.8.8 C:\Users\Lansing\Documents\GitHub\FHS-LIB
54 verbose already installed skipping jsonwebtoken@^0.3.0 C:\Users\Lansing\Documents\GitHub\FHS-LIB
55 verbose already installed skipping express-jwt@^0.1.3 C:\Users\Lansing\Documents\GitHub\FHS-LIB
56 verbose already installed skipping passport@~0.2.0 C:\Users\Lansing\Documents\GitHub\FHS-LIB
57 verbose already installed skipping passport-local@~0.1.6 C:\Users\Lansing\Documents\GitHub\FHS-LIB
58 verbose already installed skipping composable-middleware@^0.3.0 C:\Users\Lansing\Documents\GitHub\FHS-LIB
59 verbose already installed skipping connect-mongo@^0.4.1 C:\Users\Lansing\Documents\GitHub\FHS-LIB
60 verbose already installed skipping socket.io@^1.0.6 C:\Users\Lansing\Documents\GitHub\FHS-LIB
61 verbose already installed skipping socket.io-client@^1.0.6 C:\Users\Lansing\Documents\GitHub\FHS-LIB
62 verbose already installed skipping socketio-jwt@^2.0.2 C:\Users\Lansing\Documents\GitHub\FHS-LIB
63 verbose already installed skipping grunt@~0.4.4 C:\Users\Lansing\Documents\GitHub\FHS-LIB
64 verbose already installed skipping grunt-autoprefixer@~0.7.2 C:\Users\Lansing\Documents\GitHub\FHS-LIB
65 verbose already installed skipping grunt-wiredep@~1.8.0 C:\Users\Lansing\Documents\GitHub\FHS-LIB
66 verbose already installed skipping grunt-concurrent@~0.5.0 C:\Users\Lansing\Documents\GitHub\FHS-LIB
67 verbose already installed skipping grunt-contrib-clean@~0.5.0 C:\Users\Lansing\Documents\GitHub\FHS-LIB
68 verbose already installed skipping grunt-contrib-concat@~0.4.0 C:\Users\Lansing\Documents\GitHub\FHS-LIB
69 verbose already installed skipping grunt-contrib-copy@~0.5.0 C:\Users\Lansing\Documents\GitHub\FHS-LIB
70 verbose already installed skipping grunt-contrib-cssmin@~0.9.0 C:\Users\Lansing\Documents\GitHub\FHS-LIB
71 verbose already installed skipping grunt-contrib-htmlmin@~0.2.0 C:\Users\Lansing\Documents\GitHub\FHS-LIB
72 verbose already installed skipping grunt-contrib-imagemin@~0.7.1 C:\Users\Lansing\Documents\GitHub\FHS-LIB
73 verbose already installed skipping grunt-contrib-jshint@~0.10.0 C:\Users\Lansing\Documents\GitHub\FHS-LIB
74 verbose already installed skipping grunt-contrib-uglify@~0.4.0 C:\Users\Lansing\Documents\GitHub\FHS-LIB
75 verbose already installed skipping grunt-contrib-watch@~0.6.1 C:\Users\Lansing\Documents\GitHub\FHS-LIB
76 verbose already installed skipping grunt-google-cdn@~0.4.0 C:\Users\Lansing\Documents\GitHub\FHS-LIB
77 verbose already installed skipping grunt-newer@~0.7.0 C:\Users\Lansing\Documents\GitHub\FHS-LIB
78 verbose already installed skipping grunt-ng-annotate@^0.2.3 C:\Users\Lansing\Documents\GitHub\FHS-LIB
79 verbose already installed skipping grunt-rev@~0.1.0 C:\Users\Lansing\Documents\GitHub\FHS-LIB
80 verbose already installed skipping grunt-svgmin@~0.4.0 C:\Users\Lansing\Documents\GitHub\FHS-LIB
81 verbose already installed skipping grunt-usemin@~2.1.1 C:\Users\Lansing\Documents\GitHub\FHS-LIB
82 verbose already installed skipping grunt-env@~0.4.1 C:\Users\Lansing\Documents\GitHub\FHS-LIB
83 verbose already installed skipping grunt-node-inspector@~0.1.5 C:\Users\Lansing\Documents\GitHub\FHS-LIB
84 verbose already installed skipping grunt-nodemon@~0.2.0 C:\Users\Lansing\Documents\GitHub\FHS-LIB
85 verbose already installed skipping grunt-angular-templates@^0.5.4 C:\Users\Lansing\Documents\GitHub\FHS-LIB
86 verbose already installed skipping grunt-dom-munger@^3.4.0 C:\Users\Lansing\Documents\GitHub\FHS-LIB
87 verbose already installed skipping grunt-protractor-runner@^1.1.0 C:\Users\Lansing\Documents\GitHub\FHS-LIB
88 verbose already installed skipping grunt-asset-injector@^0.1.0 C:\Users\Lansing\Documents\GitHub\FHS-LIB
89 verbose already installed skipping grunt-karma@~0.8.2 C:\Users\Lansing\Documents\GitHub\FHS-LIB
90 verbose git remote.origin.url https://github.com/DaftMonk/grunt-build-control
91 error git fetch -a origin (https://github.com/DaftMonk/grunt-build-control) fatal: unable to access 'https://github.com/DaftMonk/grunt-build-control/': Could not resolve host: github.com
92 silly lockFile 7e4d577b-com-DaftMonk-grunt-build-control https://github.com/DaftMonk/grunt-build-control
93 silly lockFile 7e4d577b-com-DaftMonk-grunt-build-control https://github.com/DaftMonk/grunt-build-control
94 error Error: Command failed: fatal: unable to access 'https://github.com/DaftMonk/grunt-build-control/': Could not resolve host: github.com
94 error
94 error     at ChildProcess.exithandler (child_process.js:648:15)
94 error     at ChildProcess.emit (events.js:98:17)
94 error     at maybeClose (child_process.js:756:16)
94 error     at Process.ChildProcess._handle.onexit (child_process.js:823:5)
95 error If you need help, you may report this *entire* log,
95 error including the npm and node versions, at:
95 error     <http://github.com/npm/npm/issues>
96 error System Windows_NT 6.1.7601
97 error command "C:\\Program Files (x86)\\nodejs\\\\node.exe" "C:\\Program Files (x86)\\nodejs\\node_modules\\npm\\bin\\npm-cli.js" "install"
98 error cwd C:\Users\Lansing\Documents\GitHub\FHS-LIB
99 error node -v v0.10.31
100 error npm -v 1.4.23
101 error code 128
102 verbose exit [ 1, true ]
